<?xml version="1.0" encoding="UTF-8"?>
<!-- Generated by org.testng.reporters.JUnitReportReporter -->
<testsuite hostname="LAPTOP-SO85N89J" name="org.pet.PetStore" tests="5" failures="0" timestamp="18 Aug 2022 05:25:57 GMT" time="9.733" errors="0">
  <testcase name="get" time="1.307" classname="org.pet.PetStore"/>
  <testcase name="findStatus" time="2.309" classname="org.pet.PetStore"/>
  <testcase name="findStatus" time="1.258" classname="org.pet.PetStore"/>
  <testcase name="findStatus" time="1.265" classname="org.pet.PetStore"/>
  <testcase name="post" time="3.594" classname="org.pet.PetStore"/>
</testsuite> <!-- org.pet.PetStore -->
