<?xml version="1.0" encoding="UTF-8"?>
<!-- Generated by org.testng.reporters.JUnitReportReporter -->
<testsuite hostname="LAPTOP-SO85N89J" name="org.jira.JiraIssue" tests="4" failures="0" timestamp="18 Aug 2022 21:35:22 GMT" time="3.346" errors="0">
  <testcase name="Session" time="2.273" classname="org.jira.JiraIssue"/>
  <testcase name="Issue" time="0.579" classname="org.jira.JiraIssue"/>
  <testcase name="Comment" time="0.098" classname="org.jira.JiraIssue"/>
  <testcase name="Attachment" time="0.396" classname="org.jira.JiraIssue"/>
</testsuite> <!-- org.jira.JiraIssue -->
